<?xml version="1.0" encoding="UTF-8"?>
<!-- Generated by org.testng.reporters.JUnitXMLReporter -->
<testsuite ignored="1" hostname="venuvibes6book4" failures="1" tests="1" name="Default test(failed)" time="0.046" errors="0" timestamp="2025-12-04T23:25:35 IST">
  <testcase classname="calculator.adv_math" name="square" time="0.008">
    <failure type="java.lang.ArithmeticException" message="/ by zero">
      <![CDATA[java.lang.ArithmeticException: / by zero
at calculator.adv_math.square(adv_math.java:26)
at java.base/java.util.ArrayList.forEach(ArrayList.java:1596)
... Removed 25 stack frames]]>
    </failure>
  </testcase> <!-- square -->
  <testcase classname="calculator.adv_math" name="cube" time="0.0">
    <ignored/>
  </testcase> <!-- cube -->
</testsuite> <!-- Default test(failed) -->
