<?xml version="1.0" encoding="UTF-8"?>
<testsuite xmlns:xsi="http://www.w3.org/2001/XMLSchema-instance" xsi:noNamespaceSchemaLocation="https://maven.apache.org/surefire/maven-surefire-plugin/xsd/surefire-test-report-3.0.xsd" version="3.0" name="TestSuite" time="0.388" tests="4" errors="0" skipped="0" failures="0">
  <properties>
[...]
</properties>
  <testcase name="add[100, 5](1)" classname="calculator.basic_math" time="0.009">
    <system-out><![CDATA[Add = 105
]]></system-out>
  </testcase>
  <testcase name="sub[100, 5](1)" classname="calculator.basic_math" time="0.0">
    <system-out><![CDATA[Sub = 95
]]></system-out>
  </testcase>
  <testcase name="cube[3](1)" classname="calculator.adv_math" time="0.0">
    <system-out><![CDATA[Class Started
Cube = 27
]]></system-out>
  </testcase>
  <testcase name="square[3](1)" classname="calculator.adv_math" time="0.002">
    <system-out><![CDATA[Square = 9
]]></system-out>
  </testcase>
</testsuite>