<?xml version="1.0" encoding="UTF-8"?>
<!-- Generated by org.testng.reporters.JUnitXMLReporter -->
<testsuite ignored="2" hostname="venuvibes6book4" failures="0" tests="2" name="BasicMathTests" time="0.053" errors="0" timestamp="2026-03-11T12:21:31 IST">
  <testcase classname="calculator.basic_math" name="add" time="0.009"/>
  <testcase classname="calculator.basic_math" name="sub" time="0.002"/>
  <testcase classname="calculator.basic_math" name="mul" time="0.0">
    <ignored/>
  </testcase> <!-- mul -->
  <testcase classname="calculator.basic_math" name="div" time="0.0">
    <ignored/>
  </testcase> <!-- div -->
</testsuite> <!-- BasicMathTests -->
