<?xml version="1.0" encoding="UTF-8"?>
<testng-results ignored="0" total="4" passed="4" failed="0" skipped="0">
  <reporter-output>
  </reporter-output>
  <suite started-at="2026-03-11T12:21:31 IST" name="calculate suite" finished-at="2026-03-11T12:21:31 IST" duration-ms="115">
    <groups>
      <group name="G1">
        <method signature="basic_math.add(int,int)[pri:3, instance:calculator.basic_math@131774fe]" name="add" class="calculator.basic_math"/>
        <method signature="basic_math.sub(int,int)[pri:4, instance:calculator.basic_math@131774fe]" name="sub" class="calculator.basic_math"/>
      </group> <!-- G1 -->
    </groups>
    <test started-at="2026-03-11T12:21:31 IST" name="BasicMathTests" finished-at="2026-03-11T12:21:31 IST" duration-ms="53">
      <class name="calculator.basic_math">
        <test-method signature="add(int,int)[pri:3, instance:calculator.basic_math@131774fe]" started-at="2026-03-11T12:21:31 IST" name="add" data-provider="mathData" finished-at="2026-03-11T12:21:31 IST" duration-ms="9" status="PASS">
          <params>
            <param index="0">
              <value>
                <![CDATA[100]]>
              </value>
            </param>
            <param index="1">
              <value>
                <![CDATA[5]]>
              </value>
            </param>
          </params>
          <reporter-output>
          </reporter-output>
        </test-method> <!-- add -->
        <test-method signature="sub(int,int)[pri:4, instance:calculator.basic_math@131774fe]" started-at="2026-03-11T12:21:31 IST" name="sub" data-provider="mathData" finished-at="2026-03-11T12:21:31 IST" duration-ms="2" status="PASS">
          <params>
            <param index="0">
              <value>
                <![CDATA[100]]>
              </value>
            </param>
            <param index="1">
              <value>
                <![CDATA[5]]>
              </value>
            </param>
          </params>
          <reporter-output>
          </reporter-output>
        </test-method> <!-- sub -->
      </class> <!-- calculator.basic_math -->
    </test> <!-- BasicMathTests -->
    <test started-at="2026-03-11T12:21:31 IST" name="AdvancedMathTests" finished-at="2026-03-11T12:21:31 IST" duration-ms="13">
      <class name="calculator.adv_math">
        <test-method is-config="true" signature="beforeClass()[pri:0, instance:calculator.adv_math@1d296da]" started-at="2026-03-11T12:21:31 IST" name="beforeClass" finished-at="2026-03-11T12:21:31 IST" duration-ms="3" status="PASS">
          <reporter-output>
          </reporter-output>
        </test-method> <!-- beforeClass -->
        <test-method signature="cube(int)[pri:1, instance:calculator.adv_math@1d296da]" started-at="2026-03-11T12:21:31 IST" name="cube" finished-at="2026-03-11T12:21:31 IST" duration-ms="2" status="PASS">
          <params>
            <param index="0">
              <value>
                <![CDATA[3]]>
              </value>
            </param>
          </params>
          <reporter-output>
          </reporter-output>
        </test-method> <!-- cube -->
        <test-method signature="square(int)[pri:2, instance:calculator.adv_math@1d296da]" started-at="2026-03-11T12:21:31 IST" name="square" finished-at="2026-03-11T12:21:31 IST" duration-ms="2" status="PASS">
          <params>
            <param index="0">
              <value>
                <![CDATA[3]]>
              </value>
            </param>
          </params>
          <reporter-output>
          </reporter-output>
        </test-method> <!-- square -->
        <test-method is-config="true" signature="afterClass()[pri:0, instance:calculator.adv_math@1d296da]" started-at="2026-03-11T12:21:31 IST" name="afterClass" finished-at="2026-03-11T12:21:31 IST" duration-ms="0" status="PASS">
          <reporter-output>
          </reporter-output>
        </test-method> <!-- afterClass -->
      </class> <!-- calculator.adv_math -->
    </test> <!-- AdvancedMathTests -->
  </suite> <!-- calculate suite -->
</testng-results>
